[1/509] OK — https://yandex.ru/support/direct/ru/
[2/509] OK — https://yandex.ru/support/direct/ru/agencies/interface-guide
[3/509] OK — https://yandex.ru/support/direct/ru/agencies/manage-clients
[4/509] OK — https://yandex.ru/support/direct/ru/agencies/payment
[5/509] OK — https://yandex.ru/support/direct/ru/agencies/representatives
[6/509] OK — https://yandex.ru/support/direct/ru/alternative-interfaces/api
[7/509] OK — https://yandex.ru/support/direct/ru/alternative-interfaces/direct-commander
[8/509] OK — https://yandex.ru/support/direct/ru/alternative-interfaces/xls-interface
[9/509] OK — https://yandex.ru/support/direct/ru/alternative-interfaces/xls-interface-errors
[10/509] OK — https://yandex.ru/support/direct/ru/brand-lift
[11/509] OK — https://yandex.ru/support/direct/ru/brand-lift/about
[12/509] OK — https://yandex.ru/support/direct/ru/brand-lift/bl-enable
[13/509] OK — https://yandex.ru/support/direct/ru/brand-lift/bl-results
[14/509] OK — https://yandex.ru/support/direct/ru/brand-lift/requirements
[15/509] OK — https://yandex.ru/support/direct/ru/branding
[16/509] OK — https://yandex.ru/support/direct/ru/campaign-master/about
[17/509] OK — https://yandex.ru/support/direct/ru/campaign-master/product-campaign
[18/509] OK — https://yandex.ru/support/direct/ru/campaign-master/sales-on-marketplaces
[19/509] OK — https://yandex.ru/support/direct/ru/campaign-master/service
[20/509] OK — https://yandex.ru/support/direct/ru/campaign-master/site
[21/509] OK — https://yandex.ru/support/direct/ru/campaign-master/telegram
[22/509] OK — https://yandex.ru/support/direct/ru/campaign-master/without-site
[23/509] OK — https://yandex.ru/support/direct/ru/campaigns/agency-representatives
[24/509] OK — https://yandex.ru/support/direct/ru/campaigns/auto-recommendations
[25/509] OK — https://yandex.ru/support/direct/ru/campaigns/blocked-sites
[26/509] OK — https://yandex.ru/support/direct/ru/campaigns/campaign-dates
[27/509] OK — https://yandex.ru/support/direct/ru/campaigns/campaign-settings
[28/509] OK — https://yandex.ru/support/direct/ru/campaigns/campaign-with-conversion-urls
[29/509] OK — https://yandex.ru/support/direct/ru/campaigns/disable-ip
[30/509] OK — https://yandex.ru/support/direct/ru/campaigns/email-alerts
[31/509] OK — https://yandex.ru/support/direct/ru/campaigns/experiments
[32/509] OK — https://yandex.ru/support/direct/ru/campaigns/groups-edit
[33/509] OK — https://yandex.ru/support/direct/ru/campaigns/keywords-multi-change
[34/509] OK — https://yandex.ru/support/direct/ru/campaigns/logs
[35/509] OK — https://yandex.ru/support/direct/ru/campaigns/management-tools
[36/509] OK — https://yandex.ru/support/direct/ru/campaigns/mcc
[37/509] OK — https://yandex.ru/support/direct/ru/campaigns/multi-edit
[38/509] OK — https://yandex.ru/support/direct/ru/campaigns/representatives
[39/509] OK — https://yandex.ru/support/direct/ru/campaigns/site-monitoring
[40/509] OK — https://yandex.ru/support/direct/ru/campaigns/sms-alerts
[41/509] OK — https://yandex.ru/support/direct/ru/campaigns/tags
[42/509] OK — https://yandex.ru/support/direct/ru/company-ads/company-card
[43/509] OK — https://yandex.ru/support/direct/ru/company-ads/create
[44/509] OK — https://yandex.ru/support/direct/ru/company-ads/create-cm
[45/509] OK — https://yandex.ru/support/direct/ru/company-ads/create-pa
[46/509] OK — https://yandex.ru/support/direct/ru/company-ads/create-upc
[47/509] OK — https://yandex.ru/support/direct/ru/company-ads/maps
[48/509] OK — https://yandex.ru/support/direct/ru/contact-us
[49/509] OK — https://yandex.ru/support/direct/ru/dooh
[50/509] OK — https://yandex.ru/support/direct/ru/dooh/create-ads
[51/509] OK — https://yandex.ru/support/direct/ru/dooh/create-campaign
[52/509] OK — https://yandex.ru/support/direct/ru/dooh/create-group
[53/509] OK — https://yandex.ru/support/direct/ru/dooh/moderation
[54/509] OK — https://yandex.ru/support/direct/ru/dooh/statistics
[55/509] OK — https://yandex.ru/support/direct/ru/efficiency/ad-groups
[56/509] OK — https://yandex.ru/support/direct/ru/efficiency/button
[57/509] OK — https://yandex.ru/support/direct/ru/efficiency/callout
[58/509] OK — https://yandex.ru/support/direct/ru/efficiency/carousel
[59/509] OK — https://yandex.ru/support/direct/ru/efficiency/check-list
[60/509] OK — https://yandex.ru/support/direct/ru/efficiency/content-websites
[61/509] OK — https://yandex.ru/support/direct/ru/efficiency/delivery
[62/509] OK — https://yandex.ru/support/direct/ru/efficiency/discount-pay
[63/509] OK — https://yandex.ru/support/direct/ru/efficiency/display-link
[64/509] OK — https://yandex.ru/support/direct/ru/efficiency/enrich-ads-with-third-party-data
[65/509] OK — https://yandex.ru/support/direct/ru/efficiency/experiments
[66/509] OK — https://yandex.ru/support/direct/ru/efficiency/geotargeting
[67/509] OK — https://yandex.ru/support/direct/ru/efficiency/images
[68/509] OK — https://yandex.ru/support/direct/ru/efficiency/improve-efficiency
[69/509] OK — https://yandex.ru/support/direct/ru/efficiency/improve-your-ads
[70/509] OK — https://yandex.ru/support/direct/ru/efficiency/landing
[71/509] OK — https://yandex.ru/support/direct/ru/efficiency/logo
[72/509] OK — https://yandex.ru/support/direct/ru/efficiency/phone
[73/509] OK — https://yandex.ru/support/direct/ru/efficiency/price
[74/509] OK — https://yandex.ru/support/direct/ru/efficiency/promotion
[75/509] OK — https://yandex.ru/support/direct/ru/efficiency/quick-links
[76/509] OK — https://yandex.ru/support/direct/ru/efficiency/reformulation
[77/509] OK — https://yandex.ru/support/direct/ru/efficiency/rythm
[78/509] OK — https://yandex.ru/support/direct/ru/efficiency/telegram-ads
[79/509] OK — https://yandex.ru/support/direct/ru/efficiency/text-and-title
[80/509] OK — https://yandex.ru/support/direct/ru/efficiency/timetargeting
[81/509] OK — https://yandex.ru/support/direct/ru/efficiency/turbo-pages
[82/509] OK — https://yandex.ru/support/direct/ru/efficiency/turbo-pages-builder
[83/509] OK — https://yandex.ru/support/direct/ru/efficiency/turbo-pages-create
[84/509] OK — https://yandex.ru/support/direct/ru/efficiency/turbo-pages-ecommerce
[85/509] OK — https://yandex.ru/support/direct/ru/efficiency/turbo-pages-messenger
[86/509] OK — https://yandex.ru/support/direct/ru/efficiency/turbo-pages-recommendations
[87/509] OK — https://yandex.ru/support/direct/ru/efficiency/turbo-pages-sections
[88/509] OK — https://yandex.ru/support/direct/ru/efficiency/turbo-pages-settings
[89/509] OK — https://yandex.ru/support/direct/ru/efficiency/turbo-pages-sprav
[90/509] OK — https://yandex.ru/support/direct/ru/efficiency/turbo-pages-statistics
[91/509] OK — https://yandex.ru/support/direct/ru/efficiency/vcards
[92/509] OK — https://yandex.ru/support/direct/ru/efficiency/video
[93/509] OK — https://yandex.ru/support/direct/ru/experiment-campaign
[94/509] OK — https://yandex.ru/support/direct/ru/features/ad-templates
[95/509] OK — https://yandex.ru/support/direct/ru/features/stop-keyword
[96/509] OK — https://yandex.ru/support/direct/ru/feeds/about
[97/509] OK — https://yandex.ru/support/direct/ru/feeds/add
[98/509] OK — https://yandex.ru/support/direct/ru/feeds/examples
[99/509] OK — https://yandex.ru/support/direct/ru/feeds/mobile-apps-requirements-yml
[100/509] OK — https://yandex.ru/support/direct/ru/feeds/requirements
[101/509] OK — https://yandex.ru/support/direct/ru/feeds/requirements-other-categories
[102/509] OK — https://yandex.ru/support/direct/ru/feeds/requirements-other-product
[103/509] OK — https://yandex.ru/support/direct/ru/feeds/requirements-yml
[104/509] OK — https://yandex.ru/support/direct/ru/feeds/types
[105/509] OK — https://yandex.ru/support/direct/ru/feeds/validate
[106/509] OK — https://yandex.ru/support/direct/ru/fixed-cpm-campaigns/branding-cover/create
[107/509] OK — https://yandex.ru/support/direct/ru/fixed-cpm-campaigns/branding-cover/requirements
[108/509] OK — https://yandex.ru/support/direct/ru/fixed-cpm-campaigns/branding-cover/statistics
[109/509] OK — https://yandex.ru/support/direct/ru/fixed-cpm-campaigns/mini-banner/create
[110/509] OK — https://yandex.ru/support/direct/ru/fixed-cpm-campaigns/mini-banner/requirements
[111/509] OK — https://yandex.ru/support/direct/ru/fixed-cpm-campaigns/mini-banner/statistics
[112/509] OK — https://yandex.ru/support/direct/ru/fixed-cpm-campaigns/premium-banner/big-banner
[113/509] OK — https://yandex.ru/support/direct/ru/fixed-cpm-campaigns/premium-banner/create
[114/509] OK — https://yandex.ru/support/direct/ru/fixed-cpm-campaigns/premium-banner/requirements
[115/509] OK — https://yandex.ru/support/direct/ru/fixed-cpm-campaigns/premium-banner/statistics
[116/509] OK — https://yandex.ru/support/direct/ru/fixed-cpm-campaigns/premium-billboard/create
[117/509] OK — https://yandex.ru/support/direct/ru/fixed-cpm-campaigns/premium-billboard/requirements
[118/509] OK — https://yandex.ru/support/direct/ru/fixed-cpm-campaigns/premium-billboard/statistics
[119/509] OK — https://yandex.ru/support/direct/ru/fixed-cpm-campaigns/product-yandex-services
[120/509] OK — https://yandex.ru/support/direct/ru/fixed-cpm-campaigns/product-yandex-services/create
[121/509] OK — https://yandex.ru/support/direct/ru/fixed-cpm-campaigns/product-yandex-services/requirements-avto-ru
[122/509] OK — https://yandex.ru/support/direct/ru/fixed-cpm-campaigns/product-yandex-services/requirements-mediaservices
[123/509] OK — https://yandex.ru/support/direct/ru/fixed-cpm-campaigns/product-yandex-services/requirements-schedules
[124/509] OK — https://yandex.ru/support/direct/ru/fixed-cpm-campaigns/product-yandex-services/requirements-services
[125/509] OK — https://yandex.ru/support/direct/ru/fixed-cpm-campaigns/product-yandex-services/requirements-tv
[126/509] OK — https://yandex.ru/support/direct/ru/fixed-cpm-campaigns/product-yandex-services/requirements-weather
[127/509] OK — https://yandex.ru/support/direct/ru/fixed-cpm-campaigns/product-yandex-services/requirements-ya
[128/509] OK — https://yandex.ru/support/direct/ru/fixed-cpm-campaigns/product-yandex-services/statistics
[129/509] OK — https://yandex.ru/support/direct/ru/fixed-cpm-campaigns/products-fixed-cpm
[130/509] OK — https://yandex.ru/support/direct/ru/fixed-cpm-campaigns/products-frontpage/big-banner
[131/509] OK — https://yandex.ru/support/direct/ru/fixed-cpm-campaigns/products-frontpage/create
[132/509] OK — https://yandex.ru/support/direct/ru/fixed-cpm-campaigns/products-frontpage/full-version
[133/509] OK — https://yandex.ru/support/direct/ru/fixed-cpm-campaigns/products-frontpage/mini-banner
[134/509] OK — https://yandex.ru/support/direct/ru/fixed-cpm-campaigns/products-frontpage/mobile-version
[135/509] OK — https://yandex.ru/support/direct/ru/fixed-cpm-campaigns/products-frontpage/requirements
[136/509] OK — https://yandex.ru/support/direct/ru/fixed-cpm-campaigns/products-frontpage/statistics
[137/509] OK — https://yandex.ru/support/direct/ru/fixed-cpm-campaigns/products-video/requirements
[138/509] OK — https://yandex.ru/support/direct/ru/fixed-cpm-campaigns/videobanner-search/create
[139/509] OK — https://yandex.ru/support/direct/ru/fixed-cpm-campaigns/videobanner-search/requirements
[140/509] OK — https://yandex.ru/support/direct/ru/fixed-cpm-campaigns/videobanner-search/statistics
[141/509] OK — https://yandex.ru/support/direct/ru/general/content-for-bloggers
[142/509] OK — https://yandex.ru/support/direct/ru/general/control-board
[143/509] OK — https://yandex.ru/support/direct/ru/general/dynamic-places
[144/509] OK — https://yandex.ru/support/direct/ru/general/positions
[145/509] OK — https://yandex.ru/support/direct/ru/general/yan
[146/509] OK — https://yandex.ru/support/direct/ru/glossary
[147/509] OK — https://yandex.ru/support/direct/ru/impression-criteria/autotargeting
[148/509] OK — https://yandex.ru/support/direct/ru/impression-criteria/group-script
[149/509] OK — https://yandex.ru/support/direct/ru/impression-criteria/impression-criteria
[150/509] OK — https://yandex.ru/support/direct/ru/impression-criteria/offer-retargeting
[151/509] OK — https://yandex.ru/support/direct/ru/impression-criteria/retargeting-lists
[152/509] OK — https://yandex.ru/support/direct/ru/impression-criteria/universal-links
[153/509] OK — https://yandex.ru/support/direct/ru/impressions/automatic-bid-adjustment-in-yan
[154/509] OK — https://yandex.ru/support/direct/ru/impressions/bids-adjustment
[155/509] OK — https://yandex.ru/support/direct/ru/impressions/bids-adjustment-weather-cookbook
[156/509] OK — https://yandex.ru/support/direct/ru/impressions/budget-estimation
[157/509] OK — https://yandex.ru/support/direct/ru/impressions/campaign-forecast
[158/509] OK — https://yandex.ru/support/direct/ru/impressions/view-ad
[159/509] OK — https://yandex.ru/support/direct/ru/inappropriate-content
[160/509] OK — https://yandex.ru/support/direct/ru/integrations/appmetrica
[161/509] OK — https://yandex.ru/support/direct/ru/integrations/verifiers
[162/509] OK — https://yandex.ru/support/direct/ru/interface-direct
[163/509] OK — https://yandex.ru/support/direct/ru/interface-direct-pro
[164/509] OK — https://yandex.ru/support/direct/ru/keywords/building-keyword-list
[165/509] OK — https://yandex.ru/support/direct/ru/keywords/exact-phrase-match
[166/509] OK — https://yandex.ru/support/direct/ru/keywords/keywords
[167/509] OK — https://yandex.ru/support/direct/ru/keywords/negative-keywords
[168/509] OK — https://yandex.ru/support/direct/ru/keywords/negative-keywords-library
[169/509] OK — https://yandex.ru/support/direct/ru/keywords/prompt-to-keyword-generator
[170/509] OK — https://yandex.ru/support/direct/ru/keywords/symbols-and-operators
[171/509] OK — https://yandex.ru/support/direct/ru/keywords/wordstat
[172/509] OK — https://yandex.ru/support/direct/ru/moderation/ad-rules
[173/509] OK — https://yandex.ru/support/direct/ru/moderation/adv-rules
[174/509] OK — https://yandex.ru/support/direct/ru/moderation/age-alerts
[175/509] OK — https://yandex.ru/support/direct/ru/moderation/block
[176/509] OK — https://yandex.ru/support/direct/ru/moderation/categories/acids
[177/509] OK — https://yandex.ru/support/direct/ru/moderation/categories/acids-medical
[178/509] OK — https://yandex.ru/support/direct/ru/moderation/categories/acids-not-medical
[179/509] OK — https://yandex.ru/support/direct/ru/moderation/categories/ad-blocker
[180/509] OK — https://yandex.ru/support/direct/ru/moderation/categories/alcohol
[181/509] OK — https://yandex.ru/support/direct/ru/moderation/categories/baby-food
[182/509] OK — https://yandex.ru/support/direct/ru/moderation/categories/beauty
[183/509] OK — https://yandex.ru/support/direct/ru/moderation/categories/beauty-cosmetology
[184/509] OK — https://yandex.ru/support/direct/ru/moderation/categories/beauty-cosmetology-ingredients
[185/509] OK — https://yandex.ru/support/direct/ru/moderation/categories/bookmaker
[186/509] OK — https://yandex.ru/support/direct/ru/moderation/categories/car-insurance
[187/509] OK — https://yandex.ru/support/direct/ru/moderation/categories/car-number-dupes
[188/509] OK — https://yandex.ru/support/direct/ru/moderation/categories/car-sales
[189/509] OK — https://yandex.ru/support/direct/ru/moderation/categories/car-services
[190/509] OK — https://yandex.ru/support/direct/ru/moderation/categories/certification
[191/509] OK — https://yandex.ru/support/direct/ru/moderation/categories/cheat
[192/509] OK — https://yandex.ru/support/direct/ru/moderation/categories/collector
[193/509] OK — https://yandex.ru/support/direct/ru/moderation/categories/considerate
[194/509] OK — https://yandex.ru/support/direct/ru/moderation/categories/construction
[195/509] OK — https://yandex.ru/support/direct/ru/moderation/categories/counterfeit
[196/509] OK — https://yandex.ru/support/direct/ru/moderation/categories/cryptocurrency
[197/509] OK — https://yandex.ru/support/direct/ru/moderation/categories/disinfection
[198/509] OK — https://yandex.ru/support/direct/ru/moderation/categories/distance-selling
[199/509] OK — https://yandex.ru/support/direct/ru/moderation/categories/drugs
[200/509] OK — https://yandex.ru/support/direct/ru/moderation/categories/earnings
[201/509] OK — https://yandex.ru/support/direct/ru/moderation/categories/finance-banks
[202/509] OK — https://yandex.ru/support/direct/ru/moderation/categories/finance-binary-options
[203/509] OK — https://yandex.ru/support/direct/ru/moderation/categories/finance-charity
[204/509] OK — https://yandex.ru/support/direct/ru/moderation/categories/finance-credit-mfi
[205/509] OK — https://yandex.ru/support/direct/ru/moderation/categories/finance-credit-story
[206/509] OK — https://yandex.ru/support/direct/ru/moderation/categories/finance-diller
[207/509] OK — https://yandex.ru/support/direct/ru/moderation/categories/finance-forex
[208/509] OK — https://yandex.ru/support/direct/ru/moderation/categories/finance-futures
[209/509] OK — https://yandex.ru/support/direct/ru/moderation/categories/finance-help-credit
[210/509] OK — https://yandex.ru/support/direct/ru/moderation/categories/finance-insurance
[211/509] OK — https://yandex.ru/support/direct/ru/moderation/categories/finance-investment
[212/509] OK — https://yandex.ru/support/direct/ru/moderation/categories/finance-leasing
[213/509] OK — https://yandex.ru/support/direct/ru/moderation/categories/finance-loan
[214/509] OK — https://yandex.ru/support/direct/ru/moderation/categories/finance-maternity-capital
[215/509] OK — https://yandex.ru/support/direct/ru/moderation/categories/finance-pawnshop
[216/509] OK — https://yandex.ru/support/direct/ru/moderation/categories/finance-payment
[217/509] OK — https://yandex.ru/support/direct/ru/moderation/categories/finance-real-estate
[218/509] OK — https://yandex.ru/support/direct/ru/moderation/categories/finance-sale
[219/509] OK — https://yandex.ru/support/direct/ru/moderation/categories/finance-services
[220/509] OK — https://yandex.ru/support/direct/ru/moderation/categories/financial-pyramid
[221/509] OK — https://yandex.ru/support/direct/ru/moderation/categories/gambling
[222/509] OK — https://yandex.ru/support/direct/ru/moderation/categories/goods-and-services
[223/509] OK — https://yandex.ru/support/direct/ru/moderation/categories/lottery
[224/509] OK — https://yandex.ru/support/direct/ru/moderation/categories/lottery-buy-to-win
[225/509] OK — https://yandex.ru/support/direct/ru/moderation/categories/lottery-equipment
[226/509] OK — https://yandex.ru/support/direct/ru/moderation/categories/lottery-lotteries
[227/509] OK — https://yandex.ru/support/direct/ru/moderation/categories/magic
[228/509] OK — https://yandex.ru/support/direct/ru/moderation/categories/mediation
[229/509] OK — https://yandex.ru/support/direct/ru/moderation/categories/medicine
[230/509] OK — https://yandex.ru/support/direct/ru/moderation/categories/medicine-abortion
[231/509] OK — https://yandex.ru/support/direct/ru/moderation/categories/medicine-healing
[232/509] OK — https://yandex.ru/support/direct/ru/moderation/categories/medicine-med-info
[233/509] OK — https://yandex.ru/support/direct/ru/moderation/categories/medicine-medical-activity
[234/509] OK — https://yandex.ru/support/direct/ru/moderation/categories/medicine-medical-devices
[235/509] OK — https://yandex.ru/support/direct/ru/moderation/categories/medicine-pharmacies
[236/509] OK — https://yandex.ru/support/direct/ru/moderation/categories/medicine-prescription-drug
[237/509] OK — https://yandex.ru/support/direct/ru/moderation/categories/medicine-veterinary
[238/509] OK — https://yandex.ru/support/direct/ru/moderation/categories/new-buildings
[239/509] OK — https://yandex.ru/support/direct/ru/moderation/categories/official-service-centers
[240/509] OK — https://yandex.ru/support/direct/ru/moderation/categories/paid-subscriptions
[241/509] OK — https://yandex.ru/support/direct/ru/moderation/categories/politics
[242/509] OK — https://yandex.ru/support/direct/ru/moderation/categories/public-services
[243/509] OK — https://yandex.ru/support/direct/ru/moderation/categories/real-estate
[244/509] OK — https://yandex.ru/support/direct/ru/moderation/categories/realty
[245/509] OK — https://yandex.ru/support/direct/ru/moderation/categories/smoking
[246/509] OK — https://yandex.ru/support/direct/ru/moderation/categories/smoking-tobacco
[247/509] OK — https://yandex.ru/support/direct/ru/moderation/categories/smoking-tobacco-ex
[248/509] OK — https://yandex.ru/support/direct/ru/moderation/categories/social-advertising
[249/509] OK — https://yandex.ru/support/direct/ru/moderation/categories/supplements
[250/509] OK — https://yandex.ru/support/direct/ru/moderation/categories/supplements-dietary-supplements
[251/509] OK — https://yandex.ru/support/direct/ru/moderation/categories/supplements-sport-food
[252/509] OK — https://yandex.ru/support/direct/ru/moderation/categories/telemed
[253/509] OK — https://yandex.ru/support/direct/ru/moderation/categories/tragic
[254/509] OK — https://yandex.ru/support/direct/ru/moderation/categories/unfamily
[255/509] OK — https://yandex.ru/support/direct/ru/moderation/categories/weapons
[256/509] OK — https://yandex.ru/support/direct/ru/moderation/categories/weapons-pseudoweapon
[257/509] OK — https://yandex.ru/support/direct/ru/moderation/categories/weapons-restr
[258/509] OK — https://yandex.ru/support/direct/ru/moderation/categories/weapons-shooting-schools
[259/509] OK — https://yandex.ru/support/direct/ru/moderation/communication-rules
[260/509] OK — https://yandex.ru/support/direct/ru/moderation/letter-of-guarantee
[261/509] OK — https://yandex.ru/support/direct/ru/moderation/music
[262/509] OK — https://yandex.ru/support/direct/ru/moderation/restricted-categories
[263/509] OK — https://yandex.ru/support/direct/ru/moderation/special-categories
[264/509] OK — https://yandex.ru/support/direct/ru/moderation/technical-restrictions
[265/509] OK — https://yandex.ru/support/direct/ru/new-interface/add-keywords
[266/509] OK — https://yandex.ru/support/direct/ru/new-interface/bid-wizard
[267/509] OK — https://yandex.ru/support/direct/ru/new-interface/find-replace
[268/509] OK — https://yandex.ru/support/direct/ru/new-interface/guide
[269/509] OK — https://yandex.ru/support/direct/ru/new-interface/recommendations
[270/509] OK — https://yandex.ru/support/direct/ru/payments/bonus
[271/509] OK — https://yandex.ru/support/direct/ru/payments/deferred-payment
[272/509] OK — https://yandex.ru/support/direct/ru/payments/docs
[273/509] OK — https://yandex.ru/support/direct/ru/payments/faq
[274/509] OK — https://yandex.ru/support/direct/ru/payments/min-overdraft
[275/509] OK — https://yandex.ru/support/direct/ru/payments/min-payment
[276/509] OK — https://yandex.ru/support/direct/ru/payments/min-transfer
[277/509] OK — https://yandex.ru/support/direct/ru/payments/operations
[278/509] OK — https://yandex.ru/support/direct/ru/payments/payment-methods
[279/509] OK — https://yandex.ru/support/direct/ru/payments/promocode
[280/509] OK — https://yandex.ru/support/direct/ru/payments/refund
[281/509] OK — https://yandex.ru/support/direct/ru/payments/search
[282/509] OK — https://yandex.ru/support/direct/ru/payments/shared-account
[283/509] OK — https://yandex.ru/support/direct/ru/product-campaign/create
[284/509] OK — https://yandex.ru/support/direct/ru/product-campaign/moderation
[285/509] OK — https://yandex.ru/support/direct/ru/product-campaign/product-campaign-requirements
[286/509] OK — https://yandex.ru/support/direct/ru/product-campaign/statistics
[287/509] OK — https://yandex.ru/support/direct/ru/product-gallery/about
[288/509] OK — https://yandex.ru/support/direct/ru/product-gallery/cars
[289/509] OK — https://yandex.ru/support/direct/ru/product-gallery/goods
[290/509] OK — https://yandex.ru/support/direct/ru/products-automatic/about
[291/509] OK — https://yandex.ru/support/direct/ru/products-automatic/create
[292/509] OK — https://yandex.ru/support/direct/ru/products-automatic/without-site
[293/509] OK — https://yandex.ru/support/direct/ru/products-cpm-campaign-connected-tv/about
[294/509] OK — https://yandex.ru/support/direct/ru/products-cpm-campaign-connected-tv/create
[295/509] OK — https://yandex.ru/support/direct/ru/products-cpm-campaign-connected-tv/retargeting
[296/509] OK — https://yandex.ru/support/direct/ru/products-cpm-campaign-connected-tv/statistics
[297/509] OK — https://yandex.ru/support/direct/ru/products-cpm-campaign-frontpage/about
[298/509] OK — https://yandex.ru/support/direct/ru/products-cpm-campaign-frontpage/create
[299/509] OK — https://yandex.ru/support/direct/ru/products-cpm-campaign-frontpage/full-version
[300/509] OK — https://yandex.ru/support/direct/ru/products-cpm-campaign-frontpage/min-bid
[301/509] OK — https://yandex.ru/support/direct/ru/products-cpm-campaign-frontpage/requirements
[302/509] OK — https://yandex.ru/support/direct/ru/products-cpm-campaign-frontpage/retargeting
[303/509] OK — https://yandex.ru/support/direct/ru/products-cpm-campaign-frontpage/statistics
[304/509] OK — https://yandex.ru/support/direct/ru/products-cpm-campaign-video/about
[305/509] OK — https://yandex.ru/support/direct/ru/products-cpm-campaign-video/carousel-in-video-ads
[306/509] OK — https://yandex.ru/support/direct/ru/products-cpm-campaign-video/create
[307/509] OK — https://yandex.ru/support/direct/ru/products-cpm-campaign-video/retargeting
[308/509] OK — https://yandex.ru/support/direct/ru/products-cpm-campaign-video/statistics
[309/509] OK — https://yandex.ru/support/direct/ru/products-cpm-campaign-video/video-clip-errors
[310/509] OK — https://yandex.ru/support/direct/ru/products-cpm-campaign-videobanner/about
[311/509] OK — https://yandex.ru/support/direct/ru/products-cpm-campaign-videobanner/builder
[312/509] OK — https://yandex.ru/support/direct/ru/products-cpm-campaign-videobanner/create
[313/509] OK — https://yandex.ru/support/direct/ru/products-cpm-campaign-videobanner/statistics
[314/509] OK — https://yandex.ru/support/direct/ru/products-cpm-campaign-videobanner/type
[315/509] OK — https://yandex.ru/support/direct/ru/products-cpm-campaign/about
[316/509] OK — https://yandex.ru/support/direct/ru/products-cpm-campaign/bids-adjustment
[317/509] OK — https://yandex.ru/support/direct/ru/products-cpm-campaign/create
[318/509] OK — https://yandex.ru/support/direct/ru/products-cpm-campaign/display-ads-settings
[319/509] OK — https://yandex.ru/support/direct/ru/products-cpm-campaign/genres-and-themes
[320/509] OK — https://yandex.ru/support/direct/ru/products-cpm-campaign/maximum-bid-cpm-campaign
[321/509] OK — https://yandex.ru/support/direct/ru/products-cpm-campaign/mediaplan
[322/509] OK — https://yandex.ru/support/direct/ru/products-cpm-campaign/requirements
[323/509] OK — https://yandex.ru/support/direct/ru/products-cpm-campaign/retargeting-cpm-campaign
[324/509] OK — https://yandex.ru/support/direct/ru/products-cpm-campaign/statistics
[325/509] OK — https://yandex.ru/support/direct/ru/products-image-ads/builder
[326/509] OK — https://yandex.ru/support/direct/ru/products-image-ads/editor
[327/509] OK — https://yandex.ru/support/direct/ru/products-media-context-banner/about
[328/509] OK — https://yandex.ru/support/direct/ru/products-media-context-banner/create
[329/509] OK — https://yandex.ru/support/direct/ru/products-media-context-banner/display-ads-settings
[330/509] OK — https://yandex.ru/support/direct/ru/products-media-context-banner/statistics
[331/509] OK — https://yandex.ru/support/direct/ru/products-mobile-apps-ads/about
[332/509] OK — https://yandex.ru/support/direct/ru/products-mobile-apps-ads/about-mobile
[333/509] OK — https://yandex.ru/support/direct/ru/products-mobile-apps-ads/additional-info
[334/509] OK — https://yandex.ru/support/direct/ru/products-mobile-apps-ads/alternative-store
[335/509] OK — https://yandex.ru/support/direct/ru/products-mobile-apps-ads/bids-adjustment
[336/509] OK — https://yandex.ru/support/direct/ru/products-mobile-apps-ads/checklist
[337/509] OK — https://yandex.ru/support/direct/ru/products-mobile-apps-ads/create
[338/509] OK — https://yandex.ru/support/direct/ru/products-mobile-apps-ads/cross-platform/about
[339/509] OK — https://yandex.ru/support/direct/ru/products-mobile-apps-ads/cross-platform/upc-create
[340/509] OK — https://yandex.ru/support/direct/ru/products-mobile-apps-ads/ios
[341/509] OK — https://yandex.ru/support/direct/ru/products-mobile-apps-ads/recommendations
[342/509] OK — https://yandex.ru/support/direct/ru/products-mobile-apps-ads/retargeting-mobile-apps
[343/509] OK — https://yandex.ru/support/direct/ru/products-mobile-apps-ads/statistics
[344/509] OK — https://yandex.ru/support/direct/ru/products-mobile-apps-ads/tracking-systems
[345/509] OK — https://yandex.ru/support/direct/ru/products-mobile-apps-ads/upc/about
[346/509] OK — https://yandex.ru/support/direct/ru/products-mobile-apps-ads/upc/create-ads
[347/509] OK — https://yandex.ru/support/direct/ru/products-mobile-apps-ads/upc/create-campaign
[348/509] OK — https://yandex.ru/support/direct/ru/products-mobile-apps-ads/upc/create-group
[349/509] OK — https://yandex.ru/support/direct/ru/products-text-image-ads/user-profile
[350/509] OK — https://yandex.ru/support/direct/ru/qanda/complaints-ipr
[351/509] OK — https://yandex.ru/support/direct/ru/qanda/yan
[352/509] OK — https://yandex.ru/support/direct/ru/quick-start/create-campaign
[353/509] OK — https://yandex.ru/support/direct/ru/quick-start/get-help
[354/509] OK — https://yandex.ru/support/direct/ru/quick-start/quick-start
[355/509] OK — https://yandex.ru/support/direct/ru/reach-campaigns
[356/509] OK — https://yandex.ru/support/direct/ru/research
[357/509] OK — https://yandex.ru/support/direct/ru/search-lift
[358/509] OK — https://yandex.ru/support/direct/ru/search-lift/about
[359/509] OK — https://yandex.ru/support/direct/ru/search-lift/sl-enable
[360/509] OK — https://yandex.ru/support/direct/ru/search-lift/sl-results
[361/509] OK — https://yandex.ru/support/direct/ru/service-gallery/about
[362/509] OK — https://yandex.ru/support/direct/ru/service-gallery/organization
[363/509] OK — https://yandex.ru/support/direct/ru/service-gallery/service-aggregator
[364/509] OK — https://yandex.ru/support/direct/ru/social/commercial
[365/509] OK — https://yandex.ru/support/direct/ru/social/nonprofit
[366/509] OK — https://yandex.ru/support/direct/ru/social/products-social
[367/509] OK — https://yandex.ru/support/direct/ru/statistics
[368/509] OK — https://yandex.ru/support/direct/ru/statistics/about
[369/509] OK — https://yandex.ru/support/direct/ru/statistics/agency-acts-report
[370/509] OK — https://yandex.ru/support/direct/ru/statistics/agency-kpi-report
[371/509] OK — https://yandex.ru/support/direct/ru/statistics/attribution-model
[372/509] OK — https://yandex.ru/support/direct/ru/statistics/campaign-report
[373/509] OK — https://yandex.ru/support/direct/ru/statistics/conversions
[374/509] OK — https://yandex.ru/support/direct/ru/statistics/library
[375/509] OK — https://yandex.ru/support/direct/ru/statistics/metrika
[376/509] OK — https://yandex.ru/support/direct/ru/statistics/multiple-goals-strategy
[377/509] OK — https://yandex.ru/support/direct/ru/statistics/overview
[378/509] OK — https://yandex.ru/support/direct/ru/statistics/performance-stat-guide
[379/509] OK — https://yandex.ru/support/direct/ru/statistics/profit-and-value
[380/509] OK — https://yandex.ru/support/direct/ru/statistics/report-wizard
[381/509] OK — https://yandex.ru/support/direct/ru/statistics/report-wizard-engagement-rating
[382/509] OK — https://yandex.ru/support/direct/ru/statistics/search-queries
[383/509] OK — https://yandex.ru/support/direct/ru/statistics/url-tags
[384/509] OK — https://yandex.ru/support/direct/ru/statistics/url-tags-for-camping
[385/509] OK — https://yandex.ru/support/direct/ru/statistics/use-url-tags
[386/509] OK — https://yandex.ru/support/direct/ru/strategies/average-cpa
[387/509] OK — https://yandex.ru/support/direct/ru/strategies/average-cpa-clicks
[388/509] OK — https://yandex.ru/support/direct/ru/strategies/average-cpa-conversions
[389/509] OK — https://yandex.ru/support/direct/ru/strategies/average-cpa-mobile-apps
[390/509] OK — https://yandex.ru/support/direct/ru/strategies/average-cpc
[391/509] OK — https://yandex.ru/support/direct/ru/strategies/budgets-in-strategies
[392/509] OK — https://yandex.ru/support/direct/ru/strategies/call-conversions
[393/509] OK — https://yandex.ru/support/direct/ru/strategies/decrease-price-for-repeat-impressions
[394/509] OK — https://yandex.ru/support/direct/ru/strategies/growth-of-brand-metrics
[395/509] OK — https://yandex.ru/support/direct/ru/strategies/growth-of-conversions
[396/509] OK — https://yandex.ru/support/direct/ru/strategies/growth-of-site-visits
[397/509] OK — https://yandex.ru/support/direct/ru/strategies/manual-strategy
[398/509] OK — https://yandex.ru/support/direct/ru/strategies/manual-strategy-branding
[399/509] OK — https://yandex.ru/support/direct/ru/strategies/manual-strategy-mobile-apps
[400/509] OK — https://yandex.ru/support/direct/ru/strategies/maximize-impressions-for-lowest-price
[401/509] OK — https://yandex.ru/support/direct/ru/strategies/maximize-impressions-for-lowest-price-apps
[402/509] OK — https://yandex.ru/support/direct/ru/strategies/maximum-profit
[403/509] OK — https://yandex.ru/support/direct/ru/strategies/maximum-video-views
[404/509] OK — https://yandex.ru/support/direct/ru/strategies/minimal-budget
[405/509] OK — https://yandex.ru/support/direct/ru/strategies/offline-conversions
[406/509] OK — https://yandex.ru/support/direct/ru/strategies/optimize-clicks-mobile-apps
[407/509] OK — https://yandex.ru/support/direct/ru/strategies/optimize-number-of-clicks-mcb
[408/509] OK — https://yandex.ru/support/direct/ru/strategies/optimize-queries-in-search
[409/509] OK — https://yandex.ru/support/direct/ru/strategies/portfolio-strategy
[410/509] OK — https://yandex.ru/support/direct/ru/strategies/priority-goals
[411/509] OK — https://yandex.ru/support/direct/ru/strategies/select-strategy
[412/509] OK — https://yandex.ru/support/direct/ru/strategies/select-strategy-branding
[413/509] OK — https://yandex.ru/support/direct/ru/target-lift
[414/509] OK — https://yandex.ru/support/direct/ru/target-lift/about
[415/509] OK — https://yandex.ru/support/direct/ru/target-lift/tl-enable
[416/509] OK — https://yandex.ru/support/direct/ru/target-lift/tl-results
[417/509] OK — https://yandex.ru/support/direct/ru/technologies-and-services/ad-labelingl
[418/509] OK — https://yandex.ru/support/direct/ru/technologies-and-services/ai-assistant
[419/509] OK — https://yandex.ru/support/direct/ru/technologies-and-services/antifraud
[420/509] OK — https://yandex.ru/support/direct/ru/technologies-and-services/audience-segments-in-direct
[421/509] OK — https://yandex.ru/support/direct/ru/technologies-and-services/behavioral-targeting
[422/509] OK — https://yandex.ru/support/direct/ru/technologies-and-services/compete
[423/509] OK — https://yandex.ru/support/direct/ru/technologies-and-services/crypta
[424/509] OK — https://yandex.ru/support/direct/ru/technologies-and-services/elama
[425/509] OK — https://yandex.ru/support/direct/ru/technologies-and-services/iab-compliance
[426/509] OK — https://yandex.ru/support/direct/ru/technologies-and-services/metrika-in-direct
[427/509] OK — https://yandex.ru/support/direct/ru/technologies-and-services/technologies-and-services
[428/509] OK — https://yandex.ru/support/direct/ru/technologies-and-services/vcg-auction
[429/509] OK — https://yandex.ru/support/direct/ru/telegram-ads/bids-adjustment
[430/509] OK — https://yandex.ru/support/direct/ru/telegram-ads/brand-safety
[431/509] OK — https://yandex.ru/support/direct/ru/telegram-ads/brand-safety-views
[432/509] OK — https://yandex.ru/support/direct/ru/telegram-ads/create
[433/509] OK — https://yandex.ru/support/direct/ru/telegram-ads/create-views
[434/509] OK — https://yandex.ru/support/direct/ru/telegram-ads/features
[435/509] OK — https://yandex.ru/support/direct/ru/telegram-ads/features-views
[436/509] OK — https://yandex.ru/support/direct/ru/telegram-ads/statistics
[437/509] OK — https://yandex.ru/support/direct/ru/thematic-section/company-sections
[438/509] OK — https://yandex.ru/support/direct/ru/thematic-section/credit-cards/about
[439/509] OK — https://yandex.ru/support/direct/ru/thematic-section/credit-cards/example
[440/509] OK — https://yandex.ru/support/direct/ru/thematic-section/credit-cards/post-banking
[441/509] OK — https://yandex.ru/support/direct/ru/thematic-section/credit-cards/responce-codes
[442/509] OK — https://yandex.ru/support/direct/ru/thematic-section/credits/about
[443/509] OK — https://yandex.ru/support/direct/ru/thematic-section/credits/example
[444/509] OK — https://yandex.ru/support/direct/ru/thematic-section/credits/post-banking
[445/509] OK — https://yandex.ru/support/direct/ru/thematic-section/credits/responce-codes
[446/509] OK — https://yandex.ru/support/direct/ru/thematic-section/finance
[447/509] OK — https://yandex.ru/support/direct/ru/thematic-section/insurance
[448/509] OK — https://yandex.ru/support/direct/ru/thematic-section/insurance/about
[449/509] OK — https://yandex.ru/support/direct/ru/thematic-section/insurance/calc
[450/509] OK — https://yandex.ru/support/direct/ru/thematic-section/insurance/calculation
[451/509] OK — https://yandex.ru/support/direct/ru/thematic-section/insurance/calculation-status
[452/509] OK — https://yandex.ru/support/direct/ru/thematic-section/insurance/confirm-offer
[453/509] OK — https://yandex.ru/support/direct/ru/thematic-section/insurance/confirmation-sale
[454/509] OK — https://yandex.ru/support/direct/ru/thematic-section/insurance/dictionaries
[455/509] OK — https://yandex.ru/support/direct/ru/thematic-section/insurance/offer-draft
[456/509] OK — https://yandex.ru/support/direct/ru/thematic-section/insurance/offer-policy
[457/509] OK — https://yandex.ru/support/direct/ru/thematic-section/insurance/offer-status
[458/509] OK — https://yandex.ru/support/direct/ru/thematic-section/insurance/responce-codes
[459/509] OK — https://yandex.ru/support/direct/ru/troubleshooting/access
[460/509] OK — https://yandex.ru/support/direct/ru/troubleshooting/advices
[461/509] OK — https://yandex.ru/support/direct/ru/troubleshooting/audience-in-direct
[462/509] OK — https://yandex.ru/support/direct/ru/troubleshooting/bidding
[463/509] OK — https://yandex.ru/support/direct/ru/troubleshooting/campaign-master
[464/509] OK — https://yandex.ru/support/direct/ru/troubleshooting/clones
[465/509] OK — https://yandex.ru/support/direct/ru/troubleshooting/complain
[466/509] OK — https://yandex.ru/support/direct/ru/troubleshooting/conversions
[467/509] OK — https://yandex.ru/support/direct/ru/troubleshooting/error-ban
[468/509] OK — https://yandex.ru/support/direct/ru/troubleshooting/interface
[469/509] OK — https://yandex.ru/support/direct/ru/troubleshooting/moderation
[470/509] OK — https://yandex.ru/support/direct/ru/troubleshooting/other
[471/509] OK — https://yandex.ru/support/direct/ru/troubleshooting/pin-code
[472/509] OK — https://yandex.ru/support/direct/ru/troubleshooting/service-centers
[473/509] OK — https://yandex.ru/support/direct/ru/troubleshooting/servicequality
[474/509] OK — https://yandex.ru/support/direct/ru/troubleshooting/servicequality-m
[475/509] OK — https://yandex.ru/support/direct/ru/troubleshooting/shows
[476/509] OK — https://yandex.ru/support/direct/ru/troubleshooting/stat
[477/509] OK — https://yandex.ru/support/direct/ru/troubleshooting/suggestions
[478/509] OK — https://yandex.ru/support/direct/ru/troubleshooting/tracking-system
[479/509] OK — https://yandex.ru/support/direct/ru/troubleshooting/why-this-ad
[480/509] OK — https://yandex.ru/support/direct/ru/unified-performance-campaign/about
[481/509] OK — https://yandex.ru/support/direct/ru/unified-performance-campaign/adult-content
[482/509] OK — https://yandex.ru/support/direct/ru/unified-performance-campaign/adv-yan-org-forbidden
[483/509] OK — https://yandex.ru/support/direct/ru/unified-performance-campaign/adv-yan-org-resolved
[484/509] OK — https://yandex.ru/support/direct/ru/unified-performance-campaign/create-ads
[485/509] OK — https://yandex.ru/support/direct/ru/unified-performance-campaign/create-campaign
[486/509] OK — https://yandex.ru/support/direct/ru/unified-performance-campaign/create-catalogs
[487/509] OK — https://yandex.ru/support/direct/ru/unified-performance-campaign/create-comb-ad
[488/509] OK — https://yandex.ru/support/direct/ru/unified-performance-campaign/create-group
[489/509] OK — https://yandex.ru/support/direct/ru/unified-performance-campaign/create-image
[490/509] OK — https://yandex.ru/support/direct/ru/unified-performance-campaign/create-neuro-ad
[491/509] OK — https://yandex.ru/support/direct/ru/unified-performance-campaign/create-neuro-ad2
[492/509] OK — https://yandex.ru/support/direct/ru/unified-performance-campaign/create-product
[493/509] OK — https://yandex.ru/support/direct/ru/unified-performance-campaign/create-text-image
[494/509] OK — https://yandex.ru/support/direct/ru/unified-performance-campaign/product-campaign
[495/509] OK — https://yandex.ru/support/direct/ru/unified-performance-campaign/statistics
[496/509] OK — https://yandex.ru/support/direct/ru/unified-performance-campaign/structure-of-site
[497/509] OK — https://yandex.ru/support/direct/ru/unified-performance-campaign/upgrade-to-UPC
[498/509] OK — https://yandex.ru/support/direct/ru/vendor
[499/509] OK — https://yandex.ru/support/direct/ru/vendor-onsite/cpm-campaign
[500/509] OK — https://yandex.ru/support/direct/ru/vendor-onsite/performance-campaign
[501/509] OK — https://yandex.ru/support/direct/ru/vendor-onsite/profile
[502/509] OK — https://yandex.ru/support/direct/ru/visit-lift
[503/509] OK — https://yandex.ru/support/direct/ru/visit-lift/about
[504/509] OK — https://yandex.ru/support/direct/ru/visit-lift/vl-enable
[505/509] OK — https://yandex.ru/support/direct/ru/visit-lift/vl-results
[506/509] OK — https://yandex.ru/support/direct/ru/web-app/about
[507/509] OK — https://yandex.ru/support/direct/ru/web-app/add-aps
[508/509] OK — https://yandex.ru/support/direct/ru/web-app/campaign-settings
[509/509] OK — https://yandex.ru/support/direct/ru/web-app/tracker-setting

Done! Success: 509/509, Failed: 0
